192.168.100.162 | SUCCESS => {
    "changed": true, 
    "rc": 0, 
    "stderr": "Shared connection to 192.168.100.162 closed.\r\n", 
    "stdout": "\u001b[1m==> nodeb2: Forcing shutdown of VM...\u001b[0m\r\n\u001b[1m==> nodeb2: Destroying VM and associated drives...\u001b[0m\r\n", 
    "stdout_lines": [
        "\u001b[1m==> nodeb2: Forcing shutdown of VM...\u001b[0m", 
        "\u001b[1m==> nodeb2: Destroying VM and associated drives...\u001b[0m"
    ]
}
192.168.100.165 | SUCCESS => {
    "changed": true, 
    "rc": 0, 
    "stderr": "Shared connection to 192.168.100.165 closed.\r\n", 
    "stdout": "\u001b[1m==> nodeb5: Forcing shutdown of VM...\u001b[0m\r\n\u001b[1m==> nodeb5: Destroying VM and associated drives...\u001b[0m\r\n", 
    "stdout_lines": [
        "\u001b[1m==> nodeb5: Forcing shutdown of VM...\u001b[0m", 
        "\u001b[1m==> nodeb5: Destroying VM and associated drives...\u001b[0m"
    ]
}
192.168.100.163 | SUCCESS => {
    "changed": true, 
    "rc": 0, 
    "stderr": "Shared connection to 192.168.100.163 closed.\r\n", 
    "stdout": "\u001b[1m==> nodeb3: Forcing shutdown of VM...\u001b[0m\r\n\u001b[1m==> nodeb3: Destroying VM and associated drives...\u001b[0m\r\n", 
    "stdout_lines": [
        "\u001b[1m==> nodeb3: Forcing shutdown of VM...\u001b[0m", 
        "\u001b[1m==> nodeb3: Destroying VM and associated drives...\u001b[0m"
    ]
}
192.168.100.161 | SUCCESS => {
    "changed": true, 
    "rc": 0, 
    "stderr": "Shared connection to 192.168.100.161 closed.\r\n", 
    "stdout": "\u001b[1m==> nodeb1: Forcing shutdown of VM...\u001b[0m\r\n\u001b[1m==> nodeb1: Destroying VM and associated drives...\u001b[0m\r\n", 
    "stdout_lines": [
        "\u001b[1m==> nodeb1: Forcing shutdown of VM...\u001b[0m", 
        "\u001b[1m==> nodeb1: Destroying VM and associated drives...\u001b[0m"
    ]
}
192.168.100.166 | SUCCESS => {
    "changed": true, 
    "rc": 0, 
    "stderr": "Shared connection to 192.168.100.166 closed.\r\n", 
    "stdout": "\u001b[1m==> nodeb6: Forcing shutdown of VM...\u001b[0m\r\n\u001b[1m==> nodeb6: Destroying VM and associated drives...\u001b[0m\r\n", 
    "stdout_lines": [
        "\u001b[1m==> nodeb6: Forcing shutdown of VM...\u001b[0m", 
        "\u001b[1m==> nodeb6: Destroying VM and associated drives...\u001b[0m"
    ]
}
192.168.100.164 | SUCCESS => {
    "changed": true, 
    "rc": 0, 
    "stderr": "Shared connection to 192.168.100.164 closed.\r\n", 
    "stdout": "\u001b[1m==> nodeb4: Forcing shutdown of VM...\u001b[0m\r\n\u001b[1m==> nodeb4: Destroying VM and associated drives...\u001b[0m\r\n", 
    "stdout_lines": [
        "\u001b[1m==> nodeb4: Forcing shutdown of VM...\u001b[0m", 
        "\u001b[1m==> nodeb4: Destroying VM and associated drives...\u001b[0m"
    ]
}
192.168.100.165 | SUCCESS => {
    "changed": true, 
    "rc": 0, 
    "stderr": "Shared connection to 192.168.100.165 closed.\r\n", 
    "stdout": "\u001b[0mBringing machine 'nodeb5' up with 'virtualbox' provider...\u001b[0m\r\n\u001b[1m==> nodeb5: Importing base box 'centos-7.0-x86_64.box'...\u001b[0m\r\n\u001b[0m\r\u001b[K\u001b[0m\u001b[0mProgress: 10%\u001b[0m\u001b[0m\r\u001b[K\u001b[0m\u001b[0mProgress: 30%\u001b[0m\u001b[0m\r\u001b[K\u001b[0m\u001b[0mProgress: 50%\u001b[0m\u001b[0m\r\u001b[K\u001b[0m\u001b[0mProgress: 60%\u001b[0m\u001b[0m\r\u001b[K\u001b[0m\u001b[0mProgress: 70%\u001b[0m\u001b[0m\r\u001b[K\u001b[0m\u001b[0mProgress: 90%\u001b[0m\u001b[0m\r\u001b[K\u001b[0m\u001b[1m==> nodeb5: Matching MAC address for NAT networking...\u001b[0m\r\n\u001b[1m==> nodeb5: Setting the name of the VM: Vm1_nodeb5_1532594155841_35831\u001b[0m\r\n\u001b[1m==> nodeb5: Clearing any previously set forwarded ports...\u001b[0m\r\n\u001b[1m==> nodeb5: Fixed port collision for 22 => 2222. Now on port 2200.\u001b[0m\r\n\u001b[1m==> nodeb5: Clearing any previously set network interfaces...\u001b[0m\r\n\u001b[1m==> nodeb5: Preparing network interfaces based on configuration...\u001b[0m\r\n\u001b[0m    nodeb5: Adapter 1: nat\u001b[0m\r\n\u001b[0m    nodeb5: Adapter 2: bridged\u001b[0m\r\n\u001b[1m==> nodeb5: Forwarding ports...\u001b[0m\r\n\u001b[0m    nodeb5: 22 (guest) => 2200 (host) (adapter 1)\u001b[0m\r\n\u001b[1m==> nodeb5: Booting VM...\u001b[0m\r\n\u001b[1m==> nodeb5: Waiting for machine to boot. This may take a few minutes...\u001b[0m\r\n\u001b[0m    nodeb5: SSH address: 127.0.0.1:2200\u001b[0m\r\n\u001b[0m    nodeb5: SSH username: vagrant\u001b[0m\r\n\u001b[0m    nodeb5: SSH auth method: private key\u001b[0m\r\n\u001b[0m    nodeb5: \r\n    nodeb5: Vagrant insecure key detected. Vagrant will automatically replace\r\n    nodeb5: this with a newly generated keypair for better security.\u001b[0m\r\n\u001b[0m    nodeb5: \r\n    nodeb5: Inserting generated public key within guest...\u001b[0m\r\n\u001b[0m    nodeb5: Removing insecure key from the guest if it's present...\u001b[0m\r\n\u001b[0m    nodeb5: Key inserted! Disconnecting and reconnecting using new SSH key...\u001b[0m\r\n\u001b[1m==> nodeb5: Machine booted and ready!\u001b[0m\r\n\u001b[1m==> nodeb5: Checking for guest additions in VM...\u001b[0m\r\n\u001b[0m    nodeb5: The guest additions on this VM do not match the installed version of\r\n    nodeb5: VirtualBox! In most cases this is fine, but in rare cases it can\r\n    nodeb5: prevent things such as shared folders from working properly. If you see\r\n    nodeb5: shared folder errors, please make sure the guest additions within the\r\n    nodeb5: virtual machine match the version of VirtualBox you have installed on\r\n    nodeb5: your host and reload your VM.\r\n    nodeb5: \r\n    nodeb5: Guest Additions Version: 4.3.28\r\n    nodeb5: VirtualBox Version: 5.2\u001b[0m\r\n\u001b[1m==> nodeb5: Setting hostname...\u001b[0m\r\n\u001b[1m==> nodeb5: Configuring and enabling network interfaces...\u001b[0m\r\n\u001b[0m    nodeb5: SSH address: 127.0.0.1:2200\u001b[0m\r\n\u001b[0m    nodeb5: SSH username: vagrant\u001b[0m\r\n\u001b[0m    nodeb5: SSH auth method: private key\u001b[0m\r\n\u001b[1m==> nodeb5: Mounting shared folders...\u001b[0m\r\n\u001b[0m    nodeb5: /vagrant => /home/Vm/Vm1\u001b[0m\r\n\u001b[1m==> nodeb5: Running provisioner: shell...\u001b[0m\r\n\u001b[0m    nodeb5: Running: inline script\u001b[0m\r\n\u001b[0;31m    nodeb5: Geben Sie ein neues Passwort ein: \u001b[0m\r\n\u001b[0;31m    nodeb5: Geben Sie das neue Passwort erneut ein: \u001b[0m\r\n\u001b[0;32m    nodeb5: Ändern Passwort für Benutzer root.\r\n    nodeb5: passwd: alle Authentifizierungs-Merkmale erfolgreich aktualisiert.\u001b[0m\r\n", 
    "stdout_lines": [
        "\u001b[0mBringing machine 'nodeb5' up with 'virtualbox' provider...\u001b[0m", 
        "\u001b[1m==> nodeb5: Importing base box 'centos-7.0-x86_64.box'...\u001b[0m", 
        "\u001b[0m", 
        "\u001b[K\u001b[0m\u001b[0mProgress: 10%\u001b[0m\u001b[0m", 
        "\u001b[K\u001b[0m\u001b[0mProgress: 30%\u001b[0m\u001b[0m", 
        "\u001b[K\u001b[0m\u001b[0mProgress: 50%\u001b[0m\u001b[0m", 
        "\u001b[K\u001b[0m\u001b[0mProgress: 60%\u001b[0m\u001b[0m", 
        "\u001b[K\u001b[0m\u001b[0mProgress: 70%\u001b[0m\u001b[0m", 
        "\u001b[K\u001b[0m\u001b[0mProgress: 90%\u001b[0m\u001b[0m", 
        "\u001b[K\u001b[0m\u001b[1m==> nodeb5: Matching MAC address for NAT networking...\u001b[0m", 
        "\u001b[1m==> nodeb5: Setting the name of the VM: Vm1_nodeb5_1532594155841_35831\u001b[0m", 
        "\u001b[1m==> nodeb5: Clearing any previously set forwarded ports...\u001b[0m", 
        "\u001b[1m==> nodeb5: Fixed port collision for 22 => 2222. Now on port 2200.\u001b[0m", 
        "\u001b[1m==> nodeb5: Clearing any previously set network interfaces...\u001b[0m", 
        "\u001b[1m==> nodeb5: Preparing network interfaces based on configuration...\u001b[0m", 
        "\u001b[0m    nodeb5: Adapter 1: nat\u001b[0m", 
        "\u001b[0m    nodeb5: Adapter 2: bridged\u001b[0m", 
        "\u001b[1m==> nodeb5: Forwarding ports...\u001b[0m", 
        "\u001b[0m    nodeb5: 22 (guest) => 2200 (host) (adapter 1)\u001b[0m", 
        "\u001b[1m==> nodeb5: Booting VM...\u001b[0m", 
        "\u001b[1m==> nodeb5: Waiting for machine to boot. This may take a few minutes...\u001b[0m", 
        "\u001b[0m    nodeb5: SSH address: 127.0.0.1:2200\u001b[0m", 
        "\u001b[0m    nodeb5: SSH username: vagrant\u001b[0m", 
        "\u001b[0m    nodeb5: SSH auth method: private key\u001b[0m", 
        "\u001b[0m    nodeb5: ", 
        "    nodeb5: Vagrant insecure key detected. Vagrant will automatically replace", 
        "    nodeb5: this with a newly generated keypair for better security.\u001b[0m", 
        "\u001b[0m    nodeb5: ", 
        "    nodeb5: Inserting generated public key within guest...\u001b[0m", 
        "\u001b[0m    nodeb5: Removing insecure key from the guest if it's present...\u001b[0m", 
        "\u001b[0m    nodeb5: Key inserted! Disconnecting and reconnecting using new SSH key...\u001b[0m", 
        "\u001b[1m==> nodeb5: Machine booted and ready!\u001b[0m", 
        "\u001b[1m==> nodeb5: Checking for guest additions in VM...\u001b[0m", 
        "\u001b[0m    nodeb5: The guest additions on this VM do not match the installed version of", 
        "    nodeb5: VirtualBox! In most cases this is fine, but in rare cases it can", 
        "    nodeb5: prevent things such as shared folders from working properly. If you see", 
        "    nodeb5: shared folder errors, please make sure the guest additions within the", 
        "    nodeb5: virtual machine match the version of VirtualBox you have installed on", 
        "    nodeb5: your host and reload your VM.", 
        "    nodeb5: ", 
        "    nodeb5: Guest Additions Version: 4.3.28", 
        "    nodeb5: VirtualBox Version: 5.2\u001b[0m", 
        "\u001b[1m==> nodeb5: Setting hostname...\u001b[0m", 
        "\u001b[1m==> nodeb5: Configuring and enabling network interfaces...\u001b[0m", 
        "\u001b[0m    nodeb5: SSH address: 127.0.0.1:2200\u001b[0m", 
        "\u001b[0m    nodeb5: SSH username: vagrant\u001b[0m", 
        "\u001b[0m    nodeb5: SSH auth method: private key\u001b[0m", 
        "\u001b[1m==> nodeb5: Mounting shared folders...\u001b[0m", 
        "\u001b[0m    nodeb5: /vagrant => /home/Vm/Vm1\u001b[0m", 
        "\u001b[1m==> nodeb5: Running provisioner: shell...\u001b[0m", 
        "\u001b[0m    nodeb5: Running: inline script\u001b[0m", 
        "\u001b[0;31m    nodeb5: Geben Sie ein neues Passwort ein: \u001b[0m", 
        "\u001b[0;31m    nodeb5: Geben Sie das neue Passwort erneut ein: \u001b[0m", 
        "\u001b[0;32m    nodeb5: Ändern Passwort für Benutzer root.", 
        "    nodeb5: passwd: alle Authentifizierungs-Merkmale erfolgreich aktualisiert.\u001b[0m"
    ]
}
192.168.100.162 | SUCCESS => {
    "changed": true, 
    "rc": 0, 
    "stderr": "Shared connection to 192.168.100.162 closed.\r\n", 
    "stdout": "\u001b[0mBringing machine 'nodeb2' up with 'virtualbox' provider...\u001b[0m\r\n\u001b[1m==> nodeb2: Importing base box 'centos-7.0-x86_64.box'...\u001b[0m\r\n\u001b[0m\r\u001b[K\u001b[0m\u001b[0mProgress: 10%\u001b[0m\u001b[0m\r\u001b[K\u001b[0m\u001b[0mProgress: 30%\u001b[0m\u001b[0m\r\u001b[K\u001b[0m\u001b[0mProgress: 50%\u001b[0m\u001b[0m\r\u001b[K\u001b[0m\u001b[0mProgress: 60%\u001b[0m\u001b[0m\r\u001b[K\u001b[0m\u001b[0mProgress: 70%\u001b[0m\u001b[0m\r\u001b[K\u001b[0m\u001b[0mProgress: 90%\u001b[0m\u001b[0m\r\u001b[K\u001b[0m\u001b[1m==> nodeb2: Matching MAC address for NAT networking...\u001b[0m\r\n\u001b[1m==> nodeb2: Setting the name of the VM: Vm1_nodeb2_1532594156254_85984\u001b[0m\r\n\u001b[1m==> nodeb2: Clearing any previously set forwarded ports...\u001b[0m\r\n\u001b[1m==> nodeb2: Fixed port collision for 22 => 2222. Now on port 2200.\u001b[0m\r\n\u001b[1m==> nodeb2: Clearing any previously set network interfaces...\u001b[0m\r\n\u001b[1m==> nodeb2: Preparing network interfaces based on configuration...\u001b[0m\r\n\u001b[0m    nodeb2: Adapter 1: nat\u001b[0m\r\n\u001b[0m    nodeb2: Adapter 2: bridged\u001b[0m\r\n\u001b[1m==> nodeb2: Forwarding ports...\u001b[0m\r\n\u001b[0m    nodeb2: 22 (guest) => 2200 (host) (adapter 1)\u001b[0m\r\n\u001b[1m==> nodeb2: Booting VM...\u001b[0m\r\n\u001b[1m==> nodeb2: Waiting for machine to boot. This may take a few minutes...\u001b[0m\r\n\u001b[0m    nodeb2: SSH address: 127.0.0.1:2200\u001b[0m\r\n\u001b[0m    nodeb2: SSH username: vagrant\u001b[0m\r\n\u001b[0m    nodeb2: SSH auth method: private key\u001b[0m\r\n\u001b[0m    nodeb2: \r\n    nodeb2: Vagrant insecure key detected. Vagrant will automatically replace\r\n    nodeb2: this with a newly generated keypair for better security.\u001b[0m\r\n\u001b[0m    nodeb2: \r\n    nodeb2: Inserting generated public key within guest...\u001b[0m\r\n\u001b[0m    nodeb2: Removing insecure key from the guest if it's present...\u001b[0m\r\n\u001b[0m    nodeb2: Key inserted! Disconnecting and reconnecting using new SSH key...\u001b[0m\r\n\u001b[1m==> nodeb2: Machine booted and ready!\u001b[0m\r\n\u001b[1m==> nodeb2: Checking for guest additions in VM...\u001b[0m\r\n\u001b[0m    nodeb2: The guest additions on this VM do not match the installed version of\r\n    nodeb2: VirtualBox! In most cases this is fine, but in rare cases it can\r\n    nodeb2: prevent things such as shared folders from working properly. If you see\r\n    nodeb2: shared folder errors, please make sure the guest additions within the\r\n    nodeb2: virtual machine match the version of VirtualBox you have installed on\r\n    nodeb2: your host and reload your VM.\r\n    nodeb2: \r\n    nodeb2: Guest Additions Version: 4.3.28\r\n    nodeb2: VirtualBox Version: 5.2\u001b[0m\r\n\u001b[1m==> nodeb2: Setting hostname...\u001b[0m\r\n\u001b[1m==> nodeb2: Configuring and enabling network interfaces...\u001b[0m\r\n\u001b[0m    nodeb2: SSH address: 127.0.0.1:2200\u001b[0m\r\n\u001b[0m    nodeb2: SSH username: vagrant\u001b[0m\r\n\u001b[0m    nodeb2: SSH auth method: private key\u001b[0m\r\n\u001b[1m==> nodeb2: Mounting shared folders...\u001b[0m\r\n\u001b[0m    nodeb2: /vagrant => /home/Vm/Vm1\u001b[0m\r\n\u001b[1m==> nodeb2: Running provisioner: shell...\u001b[0m\r\n\u001b[0m    nodeb2: Running: inline script\u001b[0m\r\n\u001b[0;31m    nodeb2: Geben Sie ein neues Passwort ein: \u001b[0m\r\n\u001b[0;31m    nodeb2: Geben Sie das neue Passwort erneut ein: \u001b[0m\r\n\u001b[0;32m    nodeb2: Ändern Passwort für Benutzer root.\r\n    nodeb2: passwd: alle Authentifizierungs-Merkmale erfolgreich aktualisiert.\u001b[0m\r\n", 
    "stdout_lines": [
        "\u001b[0mBringing machine 'nodeb2' up with 'virtualbox' provider...\u001b[0m", 
        "\u001b[1m==> nodeb2: Importing base box 'centos-7.0-x86_64.box'...\u001b[0m", 
        "\u001b[0m", 
        "\u001b[K\u001b[0m\u001b[0mProgress: 10%\u001b[0m\u001b[0m", 
        "\u001b[K\u001b[0m\u001b[0mProgress: 30%\u001b[0m\u001b[0m", 
        "\u001b[K\u001b[0m\u001b[0mProgress: 50%\u001b[0m\u001b[0m", 
        "\u001b[K\u001b[0m\u001b[0mProgress: 60%\u001b[0m\u001b[0m", 
        "\u001b[K\u001b[0m\u001b[0mProgress: 70%\u001b[0m\u001b[0m", 
        "\u001b[K\u001b[0m\u001b[0mProgress: 90%\u001b[0m\u001b[0m", 
        "\u001b[K\u001b[0m\u001b[1m==> nodeb2: Matching MAC address for NAT networking...\u001b[0m", 
        "\u001b[1m==> nodeb2: Setting the name of the VM: Vm1_nodeb2_1532594156254_85984\u001b[0m", 
        "\u001b[1m==> nodeb2: Clearing any previously set forwarded ports...\u001b[0m", 
        "\u001b[1m==> nodeb2: Fixed port collision for 22 => 2222. Now on port 2200.\u001b[0m", 
        "\u001b[1m==> nodeb2: Clearing any previously set network interfaces...\u001b[0m", 
        "\u001b[1m==> nodeb2: Preparing network interfaces based on configuration...\u001b[0m", 
        "\u001b[0m    nodeb2: Adapter 1: nat\u001b[0m", 
        "\u001b[0m    nodeb2: Adapter 2: bridged\u001b[0m", 
        "\u001b[1m==> nodeb2: Forwarding ports...\u001b[0m", 
        "\u001b[0m    nodeb2: 22 (guest) => 2200 (host) (adapter 1)\u001b[0m", 
        "\u001b[1m==> nodeb2: Booting VM...\u001b[0m", 
        "\u001b[1m==> nodeb2: Waiting for machine to boot. This may take a few minutes...\u001b[0m", 
        "\u001b[0m    nodeb2: SSH address: 127.0.0.1:2200\u001b[0m", 
        "\u001b[0m    nodeb2: SSH username: vagrant\u001b[0m", 
        "\u001b[0m    nodeb2: SSH auth method: private key\u001b[0m", 
        "\u001b[0m    nodeb2: ", 
        "    nodeb2: Vagrant insecure key detected. Vagrant will automatically replace", 
        "    nodeb2: this with a newly generated keypair for better security.\u001b[0m", 
        "\u001b[0m    nodeb2: ", 
        "    nodeb2: Inserting generated public key within guest...\u001b[0m", 
        "\u001b[0m    nodeb2: Removing insecure key from the guest if it's present...\u001b[0m", 
        "\u001b[0m    nodeb2: Key inserted! Disconnecting and reconnecting using new SSH key...\u001b[0m", 
        "\u001b[1m==> nodeb2: Machine booted and ready!\u001b[0m", 
        "\u001b[1m==> nodeb2: Checking for guest additions in VM...\u001b[0m", 
        "\u001b[0m    nodeb2: The guest additions on this VM do not match the installed version of", 
        "    nodeb2: VirtualBox! In most cases this is fine, but in rare cases it can", 
        "    nodeb2: prevent things such as shared folders from working properly. If you see", 
        "    nodeb2: shared folder errors, please make sure the guest additions within the", 
        "    nodeb2: virtual machine match the version of VirtualBox you have installed on", 
        "    nodeb2: your host and reload your VM.", 
        "    nodeb2: ", 
        "    nodeb2: Guest Additions Version: 4.3.28", 
        "    nodeb2: VirtualBox Version: 5.2\u001b[0m", 
        "\u001b[1m==> nodeb2: Setting hostname...\u001b[0m", 
        "\u001b[1m==> nodeb2: Configuring and enabling network interfaces...\u001b[0m", 
        "\u001b[0m    nodeb2: SSH address: 127.0.0.1:2200\u001b[0m", 
        "\u001b[0m    nodeb2: SSH username: vagrant\u001b[0m", 
        "\u001b[0m    nodeb2: SSH auth method: private key\u001b[0m", 
        "\u001b[1m==> nodeb2: Mounting shared folders...\u001b[0m", 
        "\u001b[0m    nodeb2: /vagrant => /home/Vm/Vm1\u001b[0m", 
        "\u001b[1m==> nodeb2: Running provisioner: shell...\u001b[0m", 
        "\u001b[0m    nodeb2: Running: inline script\u001b[0m", 
        "\u001b[0;31m    nodeb2: Geben Sie ein neues Passwort ein: \u001b[0m", 
        "\u001b[0;31m    nodeb2: Geben Sie das neue Passwort erneut ein: \u001b[0m", 
        "\u001b[0;32m    nodeb2: Ändern Passwort für Benutzer root.", 
        "    nodeb2: passwd: alle Authentifizierungs-Merkmale erfolgreich aktualisiert.\u001b[0m"
    ]
}
192.168.100.161 | SUCCESS => {
    "changed": true, 
    "rc": 0, 
    "stderr": "Shared connection to 192.168.100.161 closed.\r\n", 
    "stdout": "\u001b[0mBringing machine 'nodeb1' up with 'virtualbox' provider...\u001b[0m\r\n\u001b[1m==> nodeb1: Importing base box 'centos-7.0-x86_64.box'...\u001b[0m\r\n\u001b[0m\r\u001b[K\u001b[0m\u001b[0mProgress: 10%\u001b[0m\u001b[0m\r\u001b[K\u001b[0m\u001b[0mProgress: 30%\u001b[0m\u001b[0m\r\u001b[K\u001b[0m\u001b[0mProgress: 50%\u001b[0m\u001b[0m\r\u001b[K\u001b[0m\u001b[0mProgress: 60%\u001b[0m\u001b[0m\r\u001b[K\u001b[0m\u001b[0mProgress: 70%\u001b[0m\u001b[0m\r\u001b[K\u001b[0m\u001b[0mProgress: 90%\u001b[0m\u001b[0m\r\u001b[K\u001b[0m\u001b[1m==> nodeb1: Matching MAC address for NAT networking...\u001b[0m\r\n\u001b[1m==> nodeb1: Setting the name of the VM: Vm1_nodeb1_1532594161416_49121\u001b[0m\r\n\u001b[1m==> nodeb1: Clearing any previously set forwarded ports...\u001b[0m\r\n\u001b[1m==> nodeb1: Fixed port collision for 22 => 2222. Now on port 2200.\u001b[0m\r\n\u001b[1m==> nodeb1: Clearing any previously set network interfaces...\u001b[0m\r\n\u001b[1m==> nodeb1: Preparing network interfaces based on configuration...\u001b[0m\r\n\u001b[0m    nodeb1: Adapter 1: nat\u001b[0m\r\n\u001b[0m    nodeb1: Adapter 2: bridged\u001b[0m\r\n\u001b[1m==> nodeb1: Forwarding ports...\u001b[0m\r\n\u001b[0m    nodeb1: 22 (guest) => 2200 (host) (adapter 1)\u001b[0m\r\n\u001b[1m==> nodeb1: Booting VM...\u001b[0m\r\n\u001b[1m==> nodeb1: Waiting for machine to boot. This may take a few minutes...\u001b[0m\r\n\u001b[0m    nodeb1: SSH address: 127.0.0.1:2200\u001b[0m\r\n\u001b[0m    nodeb1: SSH username: vagrant\u001b[0m\r\n\u001b[0m    nodeb1: SSH auth method: private key\u001b[0m\r\n\u001b[0m    nodeb1: \r\n    nodeb1: Vagrant insecure key detected. Vagrant will automatically replace\r\n    nodeb1: this with a newly generated keypair for better security.\u001b[0m\r\n\u001b[0m    nodeb1: \r\n    nodeb1: Inserting generated public key within guest...\u001b[0m\r\n\u001b[0m    nodeb1: Removing insecure key from the guest if it's present...\u001b[0m\r\n\u001b[0m    nodeb1: Key inserted! Disconnecting and reconnecting using new SSH key...\u001b[0m\r\n\u001b[1m==> nodeb1: Machine booted and ready!\u001b[0m\r\n\u001b[1m==> nodeb1: Checking for guest additions in VM...\u001b[0m\r\n\u001b[0m    nodeb1: The guest additions on this VM do not match the installed version of\r\n    nodeb1: VirtualBox! In most cases this is fine, but in rare cases it can\r\n    nodeb1: prevent things such as shared folders from working properly. If you see\r\n    nodeb1: shared folder errors, please make sure the guest additions within the\r\n    nodeb1: virtual machine match the version of VirtualBox you have installed on\r\n    nodeb1: your host and reload your VM.\r\n    nodeb1: \r\n    nodeb1: Guest Additions Version: 4.3.28\r\n    nodeb1: VirtualBox Version: 5.2\u001b[0m\r\n\u001b[1m==> nodeb1: Setting hostname...\u001b[0m\r\n\u001b[1m==> nodeb1: Configuring and enabling network interfaces...\u001b[0m\r\n\u001b[0m    nodeb1: SSH address: 127.0.0.1:2200\u001b[0m\r\n\u001b[0m    nodeb1: SSH username: vagrant\u001b[0m\r\n\u001b[0m    nodeb1: SSH auth method: private key\u001b[0m\r\n\u001b[1m==> nodeb1: Mounting shared folders...\u001b[0m\r\n\u001b[0m    nodeb1: /vagrant => /home/Vm/Vm1\u001b[0m\r\n\u001b[1m==> nodeb1: Running provisioner: shell...\u001b[0m\r\n\u001b[0m    nodeb1: Running: inline script\u001b[0m\r\n\u001b[0;31m    nodeb1: Geben Sie ein neues Passwort ein: \u001b[0m\r\n\u001b[0;31m    nodeb1: Geben Sie das neue Passwort erneut ein: \u001b[0m\r\n\u001b[0;32m    nodeb1: Ändern Passwort für Benutzer root.\r\n    nodeb1: passwd: alle Authentifizierungs-Merkmale erfolgreich aktualisiert.\u001b[0m\r\n", 
    "stdout_lines": [
        "\u001b[0mBringing machine 'nodeb1' up with 'virtualbox' provider...\u001b[0m", 
        "\u001b[1m==> nodeb1: Importing base box 'centos-7.0-x86_64.box'...\u001b[0m", 
        "\u001b[0m", 
        "\u001b[K\u001b[0m\u001b[0mProgress: 10%\u001b[0m\u001b[0m", 
        "\u001b[K\u001b[0m\u001b[0mProgress: 30%\u001b[0m\u001b[0m", 
        "\u001b[K\u001b[0m\u001b[0mProgress: 50%\u001b[0m\u001b[0m", 
        "\u001b[K\u001b[0m\u001b[0mProgress: 60%\u001b[0m\u001b[0m", 
        "\u001b[K\u001b[0m\u001b[0mProgress: 70%\u001b[0m\u001b[0m", 
        "\u001b[K\u001b[0m\u001b[0mProgress: 90%\u001b[0m\u001b[0m", 
        "\u001b[K\u001b[0m\u001b[1m==> nodeb1: Matching MAC address for NAT networking...\u001b[0m", 
        "\u001b[1m==> nodeb1: Setting the name of the VM: Vm1_nodeb1_1532594161416_49121\u001b[0m", 
        "\u001b[1m==> nodeb1: Clearing any previously set forwarded ports...\u001b[0m", 
        "\u001b[1m==> nodeb1: Fixed port collision for 22 => 2222. Now on port 2200.\u001b[0m", 
        "\u001b[1m==> nodeb1: Clearing any previously set network interfaces...\u001b[0m", 
        "\u001b[1m==> nodeb1: Preparing network interfaces based on configuration...\u001b[0m", 
        "\u001b[0m    nodeb1: Adapter 1: nat\u001b[0m", 
        "\u001b[0m    nodeb1: Adapter 2: bridged\u001b[0m", 
        "\u001b[1m==> nodeb1: Forwarding ports...\u001b[0m", 
        "\u001b[0m    nodeb1: 22 (guest) => 2200 (host) (adapter 1)\u001b[0m", 
        "\u001b[1m==> nodeb1: Booting VM...\u001b[0m", 
        "\u001b[1m==> nodeb1: Waiting for machine to boot. This may take a few minutes...\u001b[0m", 
        "\u001b[0m    nodeb1: SSH address: 127.0.0.1:2200\u001b[0m", 
        "\u001b[0m    nodeb1: SSH username: vagrant\u001b[0m", 
        "\u001b[0m    nodeb1: SSH auth method: private key\u001b[0m", 
        "\u001b[0m    nodeb1: ", 
        "    nodeb1: Vagrant insecure key detected. Vagrant will automatically replace", 
        "    nodeb1: this with a newly generated keypair for better security.\u001b[0m", 
        "\u001b[0m    nodeb1: ", 
        "    nodeb1: Inserting generated public key within guest...\u001b[0m", 
        "\u001b[0m    nodeb1: Removing insecure key from the guest if it's present...\u001b[0m", 
        "\u001b[0m    nodeb1: Key inserted! Disconnecting and reconnecting using new SSH key...\u001b[0m", 
        "\u001b[1m==> nodeb1: Machine booted and ready!\u001b[0m", 
        "\u001b[1m==> nodeb1: Checking for guest additions in VM...\u001b[0m", 
        "\u001b[0m    nodeb1: The guest additions on this VM do not match the installed version of", 
        "    nodeb1: VirtualBox! In most cases this is fine, but in rare cases it can", 
        "    nodeb1: prevent things such as shared folders from working properly. If you see", 
        "    nodeb1: shared folder errors, please make sure the guest additions within the", 
        "    nodeb1: virtual machine match the version of VirtualBox you have installed on", 
        "    nodeb1: your host and reload your VM.", 
        "    nodeb1: ", 
        "    nodeb1: Guest Additions Version: 4.3.28", 
        "    nodeb1: VirtualBox Version: 5.2\u001b[0m", 
        "\u001b[1m==> nodeb1: Setting hostname...\u001b[0m", 
        "\u001b[1m==> nodeb1: Configuring and enabling network interfaces...\u001b[0m", 
        "\u001b[0m    nodeb1: SSH address: 127.0.0.1:2200\u001b[0m", 
        "\u001b[0m    nodeb1: SSH username: vagrant\u001b[0m", 
        "\u001b[0m    nodeb1: SSH auth method: private key\u001b[0m", 
        "\u001b[1m==> nodeb1: Mounting shared folders...\u001b[0m", 
        "\u001b[0m    nodeb1: /vagrant => /home/Vm/Vm1\u001b[0m", 
        "\u001b[1m==> nodeb1: Running provisioner: shell...\u001b[0m", 
        "\u001b[0m    nodeb1: Running: inline script\u001b[0m", 
        "\u001b[0;31m    nodeb1: Geben Sie ein neues Passwort ein: \u001b[0m", 
        "\u001b[0;31m    nodeb1: Geben Sie das neue Passwort erneut ein: \u001b[0m", 
        "\u001b[0;32m    nodeb1: Ändern Passwort für Benutzer root.", 
        "    nodeb1: passwd: alle Authentifizierungs-Merkmale erfolgreich aktualisiert.\u001b[0m"
    ]
}
192.168.100.166 | SUCCESS => {
    "changed": true, 
    "rc": 0, 
    "stderr": "Shared connection to 192.168.100.166 closed.\r\n", 
    "stdout": "\u001b[0mBringing machine 'nodeb6' up with 'virtualbox' provider...\u001b[0m\r\n\u001b[1m==> nodeb6: Importing base box 'centos-7.0-x86_64.box'...\u001b[0m\r\n\u001b[0m\r\u001b[K\u001b[0m\u001b[0mProgress: 10%\u001b[0m\u001b[0m\r\u001b[K\u001b[0m\u001b[0mProgress: 30%\u001b[0m\u001b[0m\r\u001b[K\u001b[0m\u001b[0mProgress: 50%\u001b[0m\u001b[0m\r\u001b[K\u001b[0m\u001b[0mProgress: 60%\u001b[0m\u001b[0m\r\u001b[K\u001b[0m\u001b[0mProgress: 70%\u001b[0m\u001b[0m\r\u001b[K\u001b[0m\u001b[0mProgress: 90%\u001b[0m\u001b[0m\r\u001b[K\u001b[0m\u001b[1m==> nodeb6: Matching MAC address for NAT networking...\u001b[0m\r\n\u001b[1m==> nodeb6: Setting the name of the VM: Vm1_nodeb6_1532594159438_12471\u001b[0m\r\n\u001b[1m==> nodeb6: Clearing any previously set forwarded ports...\u001b[0m\r\n\u001b[1m==> nodeb6: Fixed port collision for 22 => 2222. Now on port 2200.\u001b[0m\r\n\u001b[1m==> nodeb6: Clearing any previously set network interfaces...\u001b[0m\r\n\u001b[1m==> nodeb6: Preparing network interfaces based on configuration...\u001b[0m\r\n\u001b[0m    nodeb6: Adapter 1: nat\u001b[0m\r\n\u001b[0m    nodeb6: Adapter 2: bridged\u001b[0m\r\n\u001b[1m==> nodeb6: Forwarding ports...\u001b[0m\r\n\u001b[0m    nodeb6: 22 (guest) => 2200 (host) (adapter 1)\u001b[0m\r\n\u001b[1m==> nodeb6: Booting VM...\u001b[0m\r\n\u001b[1m==> nodeb6: Waiting for machine to boot. This may take a few minutes...\u001b[0m\r\n\u001b[0m    nodeb6: SSH address: 127.0.0.1:2200\u001b[0m\r\n\u001b[0m    nodeb6: SSH username: vagrant\u001b[0m\r\n\u001b[0m    nodeb6: SSH auth method: private key\u001b[0m\r\n\u001b[0m    nodeb6: \r\n    nodeb6: Vagrant insecure key detected. Vagrant will automatically replace\r\n    nodeb6: this with a newly generated keypair for better security.\u001b[0m\r\n\u001b[0m    nodeb6: \r\n    nodeb6: Inserting generated public key within guest...\u001b[0m\r\n\u001b[0m    nodeb6: Removing insecure key from the guest if it's present...\u001b[0m\r\n\u001b[0m    nodeb6: Key inserted! Disconnecting and reconnecting using new SSH key...\u001b[0m\r\n\u001b[1m==> nodeb6: Machine booted and ready!\u001b[0m\r\n\u001b[1m==> nodeb6: Checking for guest additions in VM...\u001b[0m\r\n\u001b[0m    nodeb6: The guest additions on this VM do not match the installed version of\r\n    nodeb6: VirtualBox! In most cases this is fine, but in rare cases it can\r\n    nodeb6: prevent things such as shared folders from working properly. If you see\r\n    nodeb6: shared folder errors, please make sure the guest additions within the\r\n    nodeb6: virtual machine match the version of VirtualBox you have installed on\r\n    nodeb6: your host and reload your VM.\r\n    nodeb6: \r\n    nodeb6: Guest Additions Version: 4.3.28\r\n    nodeb6: VirtualBox Version: 5.2\u001b[0m\r\n\u001b[1m==> nodeb6: Setting hostname...\u001b[0m\r\n\u001b[1m==> nodeb6: Configuring and enabling network interfaces...\u001b[0m\r\n\u001b[0m    nodeb6: SSH address: 127.0.0.1:2200\u001b[0m\r\n\u001b[0m    nodeb6: SSH username: vagrant\u001b[0m\r\n\u001b[0m    nodeb6: SSH auth method: private key\u001b[0m\r\n\u001b[1m==> nodeb6: Mounting shared folders...\u001b[0m\r\n\u001b[0m    nodeb6: /vagrant => /home/Vm/Vm1\u001b[0m\r\n\u001b[1m==> nodeb6: Running provisioner: shell...\u001b[0m\r\n\u001b[0m    nodeb6: Running: inline script\u001b[0m\r\n\u001b[0;31m    nodeb6: Geben Sie ein neues Passwort ein: \u001b[0m\r\n\u001b[0;31m    nodeb6: Geben Sie das neue Passwort erneut ein: \u001b[0m\r\n\u001b[0;32m    nodeb6: Ändern Passwort für Benutzer root.\r\n    nodeb6: passwd: alle Authentifizierungs-Merkmale erfolgreich aktualisiert.\u001b[0m\r\n", 
    "stdout_lines": [
        "\u001b[0mBringing machine 'nodeb6' up with 'virtualbox' provider...\u001b[0m", 
        "\u001b[1m==> nodeb6: Importing base box 'centos-7.0-x86_64.box'...\u001b[0m", 
        "\u001b[0m", 
        "\u001b[K\u001b[0m\u001b[0mProgress: 10%\u001b[0m\u001b[0m", 
        "\u001b[K\u001b[0m\u001b[0mProgress: 30%\u001b[0m\u001b[0m", 
        "\u001b[K\u001b[0m\u001b[0mProgress: 50%\u001b[0m\u001b[0m", 
        "\u001b[K\u001b[0m\u001b[0mProgress: 60%\u001b[0m\u001b[0m", 
        "\u001b[K\u001b[0m\u001b[0mProgress: 70%\u001b[0m\u001b[0m", 
        "\u001b[K\u001b[0m\u001b[0mProgress: 90%\u001b[0m\u001b[0m", 
        "\u001b[K\u001b[0m\u001b[1m==> nodeb6: Matching MAC address for NAT networking...\u001b[0m", 
        "\u001b[1m==> nodeb6: Setting the name of the VM: Vm1_nodeb6_1532594159438_12471\u001b[0m", 
        "\u001b[1m==> nodeb6: Clearing any previously set forwarded ports...\u001b[0m", 
        "\u001b[1m==> nodeb6: Fixed port collision for 22 => 2222. Now on port 2200.\u001b[0m", 
        "\u001b[1m==> nodeb6: Clearing any previously set network interfaces...\u001b[0m", 
        "\u001b[1m==> nodeb6: Preparing network interfaces based on configuration...\u001b[0m", 
        "\u001b[0m    nodeb6: Adapter 1: nat\u001b[0m", 
        "\u001b[0m    nodeb6: Adapter 2: bridged\u001b[0m", 
        "\u001b[1m==> nodeb6: Forwarding ports...\u001b[0m", 
        "\u001b[0m    nodeb6: 22 (guest) => 2200 (host) (adapter 1)\u001b[0m", 
        "\u001b[1m==> nodeb6: Booting VM...\u001b[0m", 
        "\u001b[1m==> nodeb6: Waiting for machine to boot. This may take a few minutes...\u001b[0m", 
        "\u001b[0m    nodeb6: SSH address: 127.0.0.1:2200\u001b[0m", 
        "\u001b[0m    nodeb6: SSH username: vagrant\u001b[0m", 
        "\u001b[0m    nodeb6: SSH auth method: private key\u001b[0m", 
        "\u001b[0m    nodeb6: ", 
        "    nodeb6: Vagrant insecure key detected. Vagrant will automatically replace", 
        "    nodeb6: this with a newly generated keypair for better security.\u001b[0m", 
        "\u001b[0m    nodeb6: ", 
        "    nodeb6: Inserting generated public key within guest...\u001b[0m", 
        "\u001b[0m    nodeb6: Removing insecure key from the guest if it's present...\u001b[0m", 
        "\u001b[0m    nodeb6: Key inserted! Disconnecting and reconnecting using new SSH key...\u001b[0m", 
        "\u001b[1m==> nodeb6: Machine booted and ready!\u001b[0m", 
        "\u001b[1m==> nodeb6: Checking for guest additions in VM...\u001b[0m", 
        "\u001b[0m    nodeb6: The guest additions on this VM do not match the installed version of", 
        "    nodeb6: VirtualBox! In most cases this is fine, but in rare cases it can", 
        "    nodeb6: prevent things such as shared folders from working properly. If you see", 
        "    nodeb6: shared folder errors, please make sure the guest additions within the", 
        "    nodeb6: virtual machine match the version of VirtualBox you have installed on", 
        "    nodeb6: your host and reload your VM.", 
        "    nodeb6: ", 
        "    nodeb6: Guest Additions Version: 4.3.28", 
        "    nodeb6: VirtualBox Version: 5.2\u001b[0m", 
        "\u001b[1m==> nodeb6: Setting hostname...\u001b[0m", 
        "\u001b[1m==> nodeb6: Configuring and enabling network interfaces...\u001b[0m", 
        "\u001b[0m    nodeb6: SSH address: 127.0.0.1:2200\u001b[0m", 
        "\u001b[0m    nodeb6: SSH username: vagrant\u001b[0m", 
        "\u001b[0m    nodeb6: SSH auth method: private key\u001b[0m", 
        "\u001b[1m==> nodeb6: Mounting shared folders...\u001b[0m", 
        "\u001b[0m    nodeb6: /vagrant => /home/Vm/Vm1\u001b[0m", 
        "\u001b[1m==> nodeb6: Running provisioner: shell...\u001b[0m", 
        "\u001b[0m    nodeb6: Running: inline script\u001b[0m", 
        "\u001b[0;31m    nodeb6: Geben Sie ein neues Passwort ein: \u001b[0m", 
        "\u001b[0;31m    nodeb6: Geben Sie das neue Passwort erneut ein: \u001b[0m", 
        "\u001b[0;32m    nodeb6: Ändern Passwort für Benutzer root.", 
        "    nodeb6: passwd: alle Authentifizierungs-Merkmale erfolgreich aktualisiert.\u001b[0m"
    ]
}
192.168.100.163 | SUCCESS => {
    "changed": true, 
    "rc": 0, 
    "stderr": "Shared connection to 192.168.100.163 closed.\r\n", 
    "stdout": "\u001b[0mBringing machine 'nodeb3' up with 'virtualbox' provider...\u001b[0m\r\n\u001b[1m==> nodeb3: Importing base box 'centos-7.0-x86_64.box'...\u001b[0m\r\n\u001b[0m\r\u001b[K\u001b[0m\u001b[0mProgress: 10%\u001b[0m\u001b[0m\r\u001b[K\u001b[0m\u001b[0mProgress: 30%\u001b[0m\u001b[0m\r\u001b[K\u001b[0m\u001b[0mProgress: 50%\u001b[0m\u001b[0m\r\u001b[K\u001b[0m\u001b[0mProgress: 60%\u001b[0m\u001b[0m\r\u001b[K\u001b[0m\u001b[0mProgress: 70%\u001b[0m\u001b[0m\r\u001b[K\u001b[0m\u001b[0mProgress: 90%\u001b[0m\u001b[0m\r\u001b[K\u001b[0m\u001b[1m==> nodeb3: Matching MAC address for NAT networking...\u001b[0m\r\n\u001b[1m==> nodeb3: Setting the name of the VM: Vm1_nodeb3_1532594161551_58871\u001b[0m\r\n\u001b[1m==> nodeb3: Clearing any previously set forwarded ports...\u001b[0m\r\n\u001b[1m==> nodeb3: Fixed port collision for 22 => 2222. Now on port 2200.\u001b[0m\r\n\u001b[1m==> nodeb3: Clearing any previously set network interfaces...\u001b[0m\r\n\u001b[1m==> nodeb3: Preparing network interfaces based on configuration...\u001b[0m\r\n\u001b[0m    nodeb3: Adapter 1: nat\u001b[0m\r\n\u001b[0m    nodeb3: Adapter 2: bridged\u001b[0m\r\n\u001b[1m==> nodeb3: Forwarding ports...\u001b[0m\r\n\u001b[0m    nodeb3: 22 (guest) => 2200 (host) (adapter 1)\u001b[0m\r\n\u001b[1m==> nodeb3: Booting VM...\u001b[0m\r\n\u001b[1m==> nodeb3: Waiting for machine to boot. This may take a few minutes...\u001b[0m\r\n\u001b[0m    nodeb3: SSH address: 127.0.0.1:2200\u001b[0m\r\n\u001b[0m    nodeb3: SSH username: vagrant\u001b[0m\r\n\u001b[0m    nodeb3: SSH auth method: private key\u001b[0m\r\n\u001b[0m    nodeb3: \r\n    nodeb3: Vagrant insecure key detected. Vagrant will automatically replace\r\n    nodeb3: this with a newly generated keypair for better security.\u001b[0m\r\n\u001b[0m    nodeb3: \r\n    nodeb3: Inserting generated public key within guest...\u001b[0m\r\n\u001b[0m    nodeb3: Removing insecure key from the guest if it's present...\u001b[0m\r\n\u001b[0m    nodeb3: Key inserted! Disconnecting and reconnecting using new SSH key...\u001b[0m\r\n\u001b[1m==> nodeb3: Machine booted and ready!\u001b[0m\r\n\u001b[1m==> nodeb3: Checking for guest additions in VM...\u001b[0m\r\n\u001b[0m    nodeb3: The guest additions on this VM do not match the installed version of\r\n    nodeb3: VirtualBox! In most cases this is fine, but in rare cases it can\r\n    nodeb3: prevent things such as shared folders from working properly. If you see\r\n    nodeb3: shared folder errors, please make sure the guest additions within the\r\n    nodeb3: virtual machine match the version of VirtualBox you have installed on\r\n    nodeb3: your host and reload your VM.\r\n    nodeb3: \r\n    nodeb3: Guest Additions Version: 4.3.28\r\n    nodeb3: VirtualBox Version: 5.2\u001b[0m\r\n\u001b[1m==> nodeb3: Setting hostname...\u001b[0m\r\n\u001b[1m==> nodeb3: Configuring and enabling network interfaces...\u001b[0m\r\n\u001b[0m    nodeb3: SSH address: 127.0.0.1:2200\u001b[0m\r\n\u001b[0m    nodeb3: SSH username: vagrant\u001b[0m\r\n\u001b[0m    nodeb3: SSH auth method: private key\u001b[0m\r\n\u001b[1m==> nodeb3: Mounting shared folders...\u001b[0m\r\n\u001b[0m    nodeb3: /vagrant => /home/Vm/Vm1\u001b[0m\r\n\u001b[1m==> nodeb3: Running provisioner: shell...\u001b[0m\r\n\u001b[0m    nodeb3: Running: inline script\u001b[0m\r\n\u001b[0;31m    nodeb3: Geben Sie ein neues Passwort ein: \u001b[0m\r\n\u001b[0;31m    nodeb3: Geben Sie das neue Passwort erneut ein: \u001b[0m\r\n\u001b[0;32m    nodeb3: Ändern Passwort für Benutzer root.\r\n    nodeb3: passwd: alle Authentifizierungs-Merkmale erfolgreich aktualisiert.\u001b[0m\r\n", 
    "stdout_lines": [
        "\u001b[0mBringing machine 'nodeb3' up with 'virtualbox' provider...\u001b[0m", 
        "\u001b[1m==> nodeb3: Importing base box 'centos-7.0-x86_64.box'...\u001b[0m", 
        "\u001b[0m", 
        "\u001b[K\u001b[0m\u001b[0mProgress: 10%\u001b[0m\u001b[0m", 
        "\u001b[K\u001b[0m\u001b[0mProgress: 30%\u001b[0m\u001b[0m", 
        "\u001b[K\u001b[0m\u001b[0mProgress: 50%\u001b[0m\u001b[0m", 
        "\u001b[K\u001b[0m\u001b[0mProgress: 60%\u001b[0m\u001b[0m", 
        "\u001b[K\u001b[0m\u001b[0mProgress: 70%\u001b[0m\u001b[0m", 
        "\u001b[K\u001b[0m\u001b[0mProgress: 90%\u001b[0m\u001b[0m", 
        "\u001b[K\u001b[0m\u001b[1m==> nodeb3: Matching MAC address for NAT networking...\u001b[0m", 
        "\u001b[1m==> nodeb3: Setting the name of the VM: Vm1_nodeb3_1532594161551_58871\u001b[0m", 
        "\u001b[1m==> nodeb3: Clearing any previously set forwarded ports...\u001b[0m", 
        "\u001b[1m==> nodeb3: Fixed port collision for 22 => 2222. Now on port 2200.\u001b[0m", 
        "\u001b[1m==> nodeb3: Clearing any previously set network interfaces...\u001b[0m", 
        "\u001b[1m==> nodeb3: Preparing network interfaces based on configuration...\u001b[0m", 
        "\u001b[0m    nodeb3: Adapter 1: nat\u001b[0m", 
        "\u001b[0m    nodeb3: Adapter 2: bridged\u001b[0m", 
        "\u001b[1m==> nodeb3: Forwarding ports...\u001b[0m", 
        "\u001b[0m    nodeb3: 22 (guest) => 2200 (host) (adapter 1)\u001b[0m", 
        "\u001b[1m==> nodeb3: Booting VM...\u001b[0m", 
        "\u001b[1m==> nodeb3: Waiting for machine to boot. This may take a few minutes...\u001b[0m", 
        "\u001b[0m    nodeb3: SSH address: 127.0.0.1:2200\u001b[0m", 
        "\u001b[0m    nodeb3: SSH username: vagrant\u001b[0m", 
        "\u001b[0m    nodeb3: SSH auth method: private key\u001b[0m", 
        "\u001b[0m    nodeb3: ", 
        "    nodeb3: Vagrant insecure key detected. Vagrant will automatically replace", 
        "    nodeb3: this with a newly generated keypair for better security.\u001b[0m", 
        "\u001b[0m    nodeb3: ", 
        "    nodeb3: Inserting generated public key within guest...\u001b[0m", 
        "\u001b[0m    nodeb3: Removing insecure key from the guest if it's present...\u001b[0m", 
        "\u001b[0m    nodeb3: Key inserted! Disconnecting and reconnecting using new SSH key...\u001b[0m", 
        "\u001b[1m==> nodeb3: Machine booted and ready!\u001b[0m", 
        "\u001b[1m==> nodeb3: Checking for guest additions in VM...\u001b[0m", 
        "\u001b[0m    nodeb3: The guest additions on this VM do not match the installed version of", 
        "    nodeb3: VirtualBox! In most cases this is fine, but in rare cases it can", 
        "    nodeb3: prevent things such as shared folders from working properly. If you see", 
        "    nodeb3: shared folder errors, please make sure the guest additions within the", 
        "    nodeb3: virtual machine match the version of VirtualBox you have installed on", 
        "    nodeb3: your host and reload your VM.", 
        "    nodeb3: ", 
        "    nodeb3: Guest Additions Version: 4.3.28", 
        "    nodeb3: VirtualBox Version: 5.2\u001b[0m", 
        "\u001b[1m==> nodeb3: Setting hostname...\u001b[0m", 
        "\u001b[1m==> nodeb3: Configuring and enabling network interfaces...\u001b[0m", 
        "\u001b[0m    nodeb3: SSH address: 127.0.0.1:2200\u001b[0m", 
        "\u001b[0m    nodeb3: SSH username: vagrant\u001b[0m", 
        "\u001b[0m    nodeb3: SSH auth method: private key\u001b[0m", 
        "\u001b[1m==> nodeb3: Mounting shared folders...\u001b[0m", 
        "\u001b[0m    nodeb3: /vagrant => /home/Vm/Vm1\u001b[0m", 
        "\u001b[1m==> nodeb3: Running provisioner: shell...\u001b[0m", 
        "\u001b[0m    nodeb3: Running: inline script\u001b[0m", 
        "\u001b[0;31m    nodeb3: Geben Sie ein neues Passwort ein: \u001b[0m", 
        "\u001b[0;31m    nodeb3: Geben Sie das neue Passwort erneut ein: \u001b[0m", 
        "\u001b[0;32m    nodeb3: Ändern Passwort für Benutzer root.", 
        "    nodeb3: passwd: alle Authentifizierungs-Merkmale erfolgreich aktualisiert.\u001b[0m"
    ]
}
192.168.100.164 | SUCCESS => {
    "changed": true, 
    "rc": 0, 
    "stderr": "Shared connection to 192.168.100.164 closed.\r\n", 
    "stdout": "\u001b[0mBringing machine 'nodeb4' up with 'virtualbox' provider...\u001b[0m\r\n\u001b[1m==> nodeb4: Importing base box 'centos-7.0-x86_64.box'...\u001b[0m\r\n\u001b[0m\r\u001b[K\u001b[0m\u001b[0mProgress: 10%\u001b[0m\u001b[0m\r\u001b[K\u001b[0m\u001b[0mProgress: 30%\u001b[0m\u001b[0m\r\u001b[K\u001b[0m\u001b[0mProgress: 50%\u001b[0m\u001b[0m\r\u001b[K\u001b[0m\u001b[0mProgress: 60%\u001b[0m\u001b[0m\r\u001b[K\u001b[0m\u001b[0mProgress: 70%\u001b[0m\u001b[0m\r\u001b[K\u001b[0m\u001b[0mProgress: 90%\u001b[0m\u001b[0m\r\u001b[K\u001b[0m\u001b[1m==> nodeb4: Matching MAC address for NAT networking...\u001b[0m\r\n\u001b[1m==> nodeb4: Setting the name of the VM: Vm1_nodeb4_1532594219874_98195\u001b[0m\r\n\u001b[1m==> nodeb4: Clearing any previously set forwarded ports...\u001b[0m\r\n\u001b[1m==> nodeb4: Fixed port collision for 22 => 2222. Now on port 2200.\u001b[0m\r\n\u001b[1m==> nodeb4: Clearing any previously set network interfaces...\u001b[0m\r\n\u001b[1m==> nodeb4: Preparing network interfaces based on configuration...\u001b[0m\r\n\u001b[0m    nodeb4: Adapter 1: nat\u001b[0m\r\n\u001b[0m    nodeb4: Adapter 2: bridged\u001b[0m\r\n\u001b[1m==> nodeb4: Forwarding ports...\u001b[0m\r\n\u001b[0m    nodeb4: 22 (guest) => 2200 (host) (adapter 1)\u001b[0m\r\n\u001b[1m==> nodeb4: Booting VM...\u001b[0m\r\n\u001b[1m==> nodeb4: Waiting for machine to boot. This may take a few minutes...\u001b[0m\r\n\u001b[0m    nodeb4: SSH address: 127.0.0.1:2200\u001b[0m\r\n\u001b[0m    nodeb4: SSH username: vagrant\u001b[0m\r\n\u001b[0m    nodeb4: SSH auth method: private key\u001b[0m\r\n\u001b[0m    nodeb4: \r\n    nodeb4: Vagrant insecure key detected. Vagrant will automatically replace\r\n    nodeb4: this with a newly generated keypair for better security.\u001b[0m\r\n\u001b[0m    nodeb4: \r\n    nodeb4: Inserting generated public key within guest...\u001b[0m\r\n\u001b[0m    nodeb4: Removing insecure key from the guest if it's present...\u001b[0m\r\n\u001b[0m    nodeb4: Key inserted! Disconnecting and reconnecting using new SSH key...\u001b[0m\r\n\u001b[1m==> nodeb4: Machine booted and ready!\u001b[0m\r\n\u001b[1m==> nodeb4: Checking for guest additions in VM...\u001b[0m\r\n\u001b[0m    nodeb4: The guest additions on this VM do not match the installed version of\r\n    nodeb4: VirtualBox! In most cases this is fine, but in rare cases it can\r\n    nodeb4: prevent things such as shared folders from working properly. If you see\r\n    nodeb4: shared folder errors, please make sure the guest additions within the\r\n    nodeb4: virtual machine match the version of VirtualBox you have installed on\r\n    nodeb4: your host and reload your VM.\r\n    nodeb4: \r\n    nodeb4: Guest Additions Version: 4.3.28\r\n    nodeb4: VirtualBox Version: 5.2\u001b[0m\r\n\u001b[1m==> nodeb4: Setting hostname...\u001b[0m\r\n\u001b[1m==> nodeb4: Configuring and enabling network interfaces...\u001b[0m\r\n\u001b[0m    nodeb4: SSH address: 127.0.0.1:2200\u001b[0m\r\n\u001b[0m    nodeb4: SSH username: vagrant\u001b[0m\r\n\u001b[0m    nodeb4: SSH auth method: private key\u001b[0m\r\n\u001b[1m==> nodeb4: Mounting shared folders...\u001b[0m\r\n\u001b[0m    nodeb4: /vagrant => /home/Vm/Vm1\u001b[0m\r\n\u001b[1m==> nodeb4: Running provisioner: shell...\u001b[0m\r\n\u001b[0m    nodeb4: Running: inline script\u001b[0m\r\n\u001b[0;31m    nodeb4: Geben Sie ein neues Passwort ein: \u001b[0m\r\n\u001b[0;31m    nodeb4: Geben Sie das neue Passwort erneut ein: \u001b[0m\r\n\u001b[0;32m    nodeb4: Ändern Passwort für Benutzer root.\r\n    nodeb4: passwd: alle Authentifizierungs-Merkmale erfolgreich aktualisiert.\u001b[0m\r\n", 
    "stdout_lines": [
        "\u001b[0mBringing machine 'nodeb4' up with 'virtualbox' provider...\u001b[0m", 
        "\u001b[1m==> nodeb4: Importing base box 'centos-7.0-x86_64.box'...\u001b[0m", 
        "\u001b[0m", 
        "\u001b[K\u001b[0m\u001b[0mProgress: 10%\u001b[0m\u001b[0m", 
        "\u001b[K\u001b[0m\u001b[0mProgress: 30%\u001b[0m\u001b[0m", 
        "\u001b[K\u001b[0m\u001b[0mProgress: 50%\u001b[0m\u001b[0m", 
        "\u001b[K\u001b[0m\u001b[0mProgress: 60%\u001b[0m\u001b[0m", 
        "\u001b[K\u001b[0m\u001b[0mProgress: 70%\u001b[0m\u001b[0m", 
        "\u001b[K\u001b[0m\u001b[0mProgress: 90%\u001b[0m\u001b[0m", 
        "\u001b[K\u001b[0m\u001b[1m==> nodeb4: Matching MAC address for NAT networking...\u001b[0m", 
        "\u001b[1m==> nodeb4: Setting the name of the VM: Vm1_nodeb4_1532594219874_98195\u001b[0m", 
        "\u001b[1m==> nodeb4: Clearing any previously set forwarded ports...\u001b[0m", 
        "\u001b[1m==> nodeb4: Fixed port collision for 22 => 2222. Now on port 2200.\u001b[0m", 
        "\u001b[1m==> nodeb4: Clearing any previously set network interfaces...\u001b[0m", 
        "\u001b[1m==> nodeb4: Preparing network interfaces based on configuration...\u001b[0m", 
        "\u001b[0m    nodeb4: Adapter 1: nat\u001b[0m", 
        "\u001b[0m    nodeb4: Adapter 2: bridged\u001b[0m", 
        "\u001b[1m==> nodeb4: Forwarding ports...\u001b[0m", 
        "\u001b[0m    nodeb4: 22 (guest) => 2200 (host) (adapter 1)\u001b[0m", 
        "\u001b[1m==> nodeb4: Booting VM...\u001b[0m", 
        "\u001b[1m==> nodeb4: Waiting for machine to boot. This may take a few minutes...\u001b[0m", 
        "\u001b[0m    nodeb4: SSH address: 127.0.0.1:2200\u001b[0m", 
        "\u001b[0m    nodeb4: SSH username: vagrant\u001b[0m", 
        "\u001b[0m    nodeb4: SSH auth method: private key\u001b[0m", 
        "\u001b[0m    nodeb4: ", 
        "    nodeb4: Vagrant insecure key detected. Vagrant will automatically replace", 
        "    nodeb4: this with a newly generated keypair for better security.\u001b[0m", 
        "\u001b[0m    nodeb4: ", 
        "    nodeb4: Inserting generated public key within guest...\u001b[0m", 
        "\u001b[0m    nodeb4: Removing insecure key from the guest if it's present...\u001b[0m", 
        "\u001b[0m    nodeb4: Key inserted! Disconnecting and reconnecting using new SSH key...\u001b[0m", 
        "\u001b[1m==> nodeb4: Machine booted and ready!\u001b[0m", 
        "\u001b[1m==> nodeb4: Checking for guest additions in VM...\u001b[0m", 
        "\u001b[0m    nodeb4: The guest additions on this VM do not match the installed version of", 
        "    nodeb4: VirtualBox! In most cases this is fine, but in rare cases it can", 
        "    nodeb4: prevent things such as shared folders from working properly. If you see", 
        "    nodeb4: shared folder errors, please make sure the guest additions within the", 
        "    nodeb4: virtual machine match the version of VirtualBox you have installed on", 
        "    nodeb4: your host and reload your VM.", 
        "    nodeb4: ", 
        "    nodeb4: Guest Additions Version: 4.3.28", 
        "    nodeb4: VirtualBox Version: 5.2\u001b[0m", 
        "\u001b[1m==> nodeb4: Setting hostname...\u001b[0m", 
        "\u001b[1m==> nodeb4: Configuring and enabling network interfaces...\u001b[0m", 
        "\u001b[0m    nodeb4: SSH address: 127.0.0.1:2200\u001b[0m", 
        "\u001b[0m    nodeb4: SSH username: vagrant\u001b[0m", 
        "\u001b[0m    nodeb4: SSH auth method: private key\u001b[0m", 
        "\u001b[1m==> nodeb4: Mounting shared folders...\u001b[0m", 
        "\u001b[0m    nodeb4: /vagrant => /home/Vm/Vm1\u001b[0m", 
        "\u001b[1m==> nodeb4: Running provisioner: shell...\u001b[0m", 
        "\u001b[0m    nodeb4: Running: inline script\u001b[0m", 
        "\u001b[0;31m    nodeb4: Geben Sie ein neues Passwort ein: \u001b[0m", 
        "\u001b[0;31m    nodeb4: Geben Sie das neue Passwort erneut ein: \u001b[0m", 
        "\u001b[0;32m    nodeb4: Ändern Passwort für Benutzer root.", 
        "    nodeb4: passwd: alle Authentifizierungs-Merkmale erfolgreich aktualisiert.\u001b[0m"
    ]
}
